<?xml version="1.0" encoding="UTF-8"?>
<robot generator="Robot 7.1.1 (Python 3.13.1 on win32)" generated="2025-01-10T01:20:08.492435" rpa="false" schemaversion="5">
<suite id="s1" name="Amazon Testes" source="C:\CursoAutomacaoUdemy\RobotFramework\WebTesting\amazon_testes.robot">
<test id="s1-t1" name="Caso de teste 1 - Acesso ao menu &quot;Eletrônicos&quot;" line="9">
<kw name="Abrir o navegador" owner="amazon_resources" type="SETUP">
<kw name="Open Browser" owner="SeleniumLibrary">
<msg time="2025-01-10T01:20:08.743897" level="INFO">Opening browser 'chrome' to base url 'None'.</msg>
<arg>browser=chrome</arg>
<doc>Opens a new browser instance to the optional ``url``.</doc>
<status status="PASS" start="2025-01-10T01:20:08.743761" elapsed="1.244480"/>
</kw>
<kw name="Maximize Browser Window" owner="SeleniumLibrary">
<doc>Maximizes current browser window.</doc>
<status status="PASS" start="2025-01-10T01:20:09.988406" elapsed="0.023517"/>
</kw>
<status status="PASS" start="2025-01-10T01:20:08.743246" elapsed="1.268830"/>
</kw>
<kw name="Acessar a home page do site Amazon.com.br" owner="amazon_resources">
<kw name="Go To" owner="SeleniumLibrary">
<msg time="2025-01-10T01:20:10.012851" level="INFO">Opening url 'https://www.amazon.com.br/'</msg>
<arg>url=${URL}</arg>
<doc>Navigates the current browser window to the provided ``url``.</doc>
<status status="PASS" start="2025-01-10T01:20:10.012719" elapsed="0.675462"/>
</kw>
<kw name="Sleep" owner="BuiltIn">
<msg time="2025-01-10T01:20:25.688989" level="INFO">Slept 15 seconds.</msg>
<arg>15s</arg>
<doc>Pauses the test executed for the given time.</doc>
<status status="PASS" start="2025-01-10T01:20:10.688428" elapsed="15.000654"/>
</kw>
<kw name="Wait Until Element Is Visible" owner="SeleniumLibrary">
<arg>locator=${MENU_ELETRONICOS}</arg>
<doc>Waits until the element ``locator`` is visible.</doc>
<status status="PASS" start="2025-01-10T01:20:25.689235" elapsed="0.016051"/>
</kw>
<status status="PASS" start="2025-01-10T01:20:10.012479" elapsed="15.692906"/>
</kw>
<kw name="Entrar no menu &quot;Eletrônicos&quot;" owner="amazon_resources">
<kw name="Click Element" owner="SeleniumLibrary">
<msg time="2025-01-10T01:20:25.706001" level="INFO">Clicking element '//a[@href='/Eletronicos-e-Tecnologia/b/?ie=UTF8&amp;node=16209062011&amp;ref_=nav_cs_electronics'][contains(.,'Eletrônicos')]'.</msg>
<arg>locator=${MENU_ELETRONICOS}</arg>
<doc>Click the element identified by ``locator``.</doc>
<status status="PASS" start="2025-01-10T01:20:25.705839" elapsed="2.136179"/>
</kw>
<status status="PASS" start="2025-01-10T01:20:25.705618" elapsed="2.136497"/>
</kw>
<kw name="Verificar se aparece a frase &quot;Eletrônicos e Tecnologia&quot;" owner="amazon_resources" source_name="Verificar se aparece a frase &quot;${frase}&quot;">
<kw name="Wait Until Page Contains" owner="SeleniumLibrary">
<arg>text=${frase}</arg>
<doc>Waits until ``text`` appears on the current page.</doc>
<status status="PASS" start="2025-01-10T01:20:27.842633" elapsed="0.030747"/>
</kw>
<kw name="Wait Until Element Is Visible" owner="SeleniumLibrary">
<arg>locator=${HEADER_ELETRONICOS}</arg>
<doc>Waits until the element ``locator`` is visible.</doc>
<status status="PASS" start="2025-01-10T01:20:27.873525" elapsed="0.038564"/>
</kw>
<status status="PASS" start="2025-01-10T01:20:27.842392" elapsed="0.069795"/>
</kw>
<kw name="Verificar se o título da página fica &quot;Eletrônicos e Tecnologia | Amazon.com.br&quot;" owner="amazon_resources" source_name="Verificar se o título da página fica &quot;${TITLE_PAGE}&quot;">
<kw name="Title Should Be" owner="SeleniumLibrary">
<msg time="2025-01-10T01:20:27.924707" level="INFO">Page title is 'Eletrônicos e Tecnologia | Amazon.com.br'.</msg>
<arg>title=${TITLE_PAGE}</arg>
<doc>Verifies that the current page title equals ``title``.</doc>
<status status="PASS" start="2025-01-10T01:20:27.912839" elapsed="0.011963"/>
</kw>
<status status="PASS" start="2025-01-10T01:20:27.912598" elapsed="0.012288"/>
</kw>
<kw name="Verificar se aparece a categoria &quot;Computadores e Informática&quot;" owner="amazon_resources" source_name="Verificar se aparece a categoria &quot;${CATEGORIA}&quot;">
<kw name="Element Should Be Visible" owner="SeleniumLibrary">
<msg time="2025-01-10T01:20:27.962581" level="INFO">Element '//span[@class='dcl-truncate'][contains(.,'Computadores e Informática')]' is displayed.</msg>
<arg>locator=//span[@class='dcl-truncate'][contains(.,'Computadores e Informática')]</arg>
<doc>Verifies that the element identified by ``locator`` is visible.</doc>
<status status="PASS" start="2025-01-10T01:20:27.925528" elapsed="0.037134"/>
</kw>
<status status="PASS" start="2025-01-10T01:20:27.925226" elapsed="0.037517"/>
</kw>
<doc>Esse teste verifica o menu Eletrônicos do site da Amazon.com.br
e verifica a categoria Computadores e Informática</doc>
<tag>categorias</tag>
<tag>menus</tag>
<status status="PASS" start="2025-01-10T01:20:08.742486" elapsed="19.220629"/>
</test>
<doc>Essa suite testa o site da Amazon.com.br</doc>
<status status="PASS" start="2025-01-10T01:20:08.493544" elapsed="19.470069"/>
</suite>
<statistics>
<total>
<stat pass="1" fail="0" skip="0">All Tests</stat>
</total>
<tag>
<stat pass="1" fail="0" skip="0">categorias</stat>
<stat pass="1" fail="0" skip="0">menus</stat>
</tag>
<suite>
<stat pass="1" fail="0" skip="0" id="s1" name="Amazon Testes">Amazon Testes</stat>
</suite>
</statistics>
<errors>
</errors>
</robot>
