<?xml version="1.0" encoding="UTF-8"?>
<robot generator="Robot 7.1.1 (Python 3.13.1 on win32)" generated="2025-01-10T22:26:07.790895" rpa="false" schemaversion="5">
<suite id="s1" name="WebTesting" source="C:\CursoAutomacaoUdemy\RobotFramework\WebTesting">
<suite id="s1-s1" name="Amazon Testes" source="C:\CursoAutomacaoUdemy\RobotFramework\WebTesting\amazon_testes.robot">
<test id="s1-s1-t1" name="Caso te teste 2 - Pesquisa de Produto" line="20">
<kw name="Abrir o navegador" owner="amazon_resources" type="SETUP">
<kw name="Open Browser" owner="SeleniumLibrary">
<msg time="2025-01-10T22:26:08.180071" level="INFO">Opening browser 'chrome' to base url 'None'.</msg>
<arg>browser=chrome</arg>
<doc>Opens a new browser instance to the optional ``url``.</doc>
<status status="PASS" start="2025-01-10T22:26:08.179797" elapsed="1.293490"/>
</kw>
<kw name="Maximize Browser Window" owner="SeleniumLibrary">
<doc>Maximizes current browser window.</doc>
<status status="PASS" start="2025-01-10T22:26:09.473542" elapsed="0.022881"/>
</kw>
<status status="PASS" start="2025-01-10T22:26:08.179098" elapsed="1.317510"/>
</kw>
<kw name="Acessar a home page do site Amazon.com.br" owner="amazon_resources">
<kw name="Go To" owner="SeleniumLibrary">
<msg time="2025-01-10T22:26:09.497740" level="INFO">Opening url 'https://www.amazon.com.br/'</msg>
<arg>url=${URL}</arg>
<doc>Navigates the current browser window to the provided ``url``.</doc>
<status status="PASS" start="2025-01-10T22:26:09.497487" elapsed="0.724919"/>
</kw>
<kw name="Sleep" owner="BuiltIn">
<msg time="2025-01-10T22:26:20.223169" level="INFO">Slept 10 seconds.</msg>
<arg>10s</arg>
<doc>Pauses the test executed for the given time.</doc>
<status status="PASS" start="2025-01-10T22:26:10.222642" elapsed="10.000775"/>
</kw>
<kw name="Wait Until Element Is Visible" owner="SeleniumLibrary">
<arg>locator=${MENU_ELETRONICOS}</arg>
<doc>Waits until the element ``locator`` is visible.</doc>
<status status="PASS" start="2025-01-10T22:26:20.223601" elapsed="0.016574"/>
</kw>
<status status="PASS" start="2025-01-10T22:26:09.497038" elapsed="10.743296"/>
</kw>
<kw name="Digitar o nome de produto &quot;Xbox Series S&quot; no campo de pesquisa" owner="amazon_resources" source_name="Digitar o nome de produto &quot;${PRODUTO}&quot; no campo de pesquisa">
<kw name="Input Text" owner="SeleniumLibrary">
<msg time="2025-01-10T22:26:20.241278" level="INFO">Typing text 'Xbox Series S' into text field 'twotabsearchtextbox'.</msg>
<arg>locator=twotabsearchtextbox</arg>
<arg>text=${PRODUTO}</arg>
<doc>Types the given ``text`` into the text field identified by ``locator``.</doc>
<status status="PASS" start="2025-01-10T22:26:20.241010" elapsed="0.109738"/>
</kw>
<status status="PASS" start="2025-01-10T22:26:20.240620" elapsed="0.110353"/>
</kw>
<kw name="Clicar no botão de pesquisa" owner="amazon_resources">
<kw name="Click Button" owner="SeleniumLibrary">
<msg time="2025-01-10T22:26:20.352471" level="INFO">Clicking button 'nav-search-submit-button'.</msg>
<arg>locator=nav-search-submit-button</arg>
<doc>Clicks the button identified by ``locator``.</doc>
<status status="PASS" start="2025-01-10T22:26:20.352234" elapsed="1.562676"/>
</kw>
<status status="PASS" start="2025-01-10T22:26:20.351709" elapsed="1.563446"/>
</kw>
<kw name="Verificar o resultado da pesquisa se esta listando o produto &quot;Xbox Series S&quot;" owner="amazon_resources" source_name="Verificar o resultado da pesquisa se esta listando o produto &quot;${PRODUTO}&quot;">
<kw name="Wait Until Element Contains" owner="SeleniumLibrary">
<arg>locator=//span[contains(@data-component-type,'s-search-results')]</arg>
<arg>text=${PRODUTO}</arg>
<doc>Waits until the element ``locator`` contains ``text``.</doc>
<status status="PASS" start="2025-01-10T22:26:21.916653" elapsed="0.633393"/>
</kw>
<status status="PASS" start="2025-01-10T22:26:21.915875" elapsed="0.634371"/>
</kw>
<kw name="Fechar o navegador" owner="amazon_resources" type="TEARDOWN">
<kw name="Capture Page Screenshot" owner="SeleniumLibrary">
<msg time="2025-01-10T22:26:22.713742" level="INFO" html="true">&lt;/td&gt;&lt;/tr&gt;&lt;tr&gt;&lt;td colspan="3"&gt;&lt;a href="selenium-screenshot-2.png"&gt;&lt;img src="selenium-screenshot-2.png" width="800px"&gt;&lt;/a&gt;</msg>
<doc>Takes a screenshot of the current page and embeds it into a log file.</doc>
<status status="PASS" start="2025-01-10T22:26:22.551042" elapsed="0.163054"/>
</kw>
<kw name="Close Browser" owner="SeleniumLibrary">
<doc>Closes the current browser.</doc>
<status status="PASS" start="2025-01-10T22:26:22.714285" elapsed="2.163038"/>
</kw>
<status status="PASS" start="2025-01-10T22:26:22.550625" elapsed="2.326859"/>
</kw>
<doc>Esse teste verifica a busca de um produto no site Amazon.com.br</doc>
<tag>busca_produtos</tag>
<tag>lista_busca</tag>
<status status="PASS" start="2025-01-10T22:26:08.178102" elapsed="16.699550"/>
</test>
<doc>Essa suite testa o site da Amazon.com.br</doc>
<status status="PASS" start="2025-01-10T22:26:07.815318" elapsed="17.063251"/>
</suite>
<status status="PASS" start="2025-01-10T22:26:07.794062" elapsed="17.085510"/>
</suite>
<statistics>
<total>
<stat pass="1" fail="0" skip="0">All Tests</stat>
</total>
<tag>
<stat pass="1" fail="0" skip="0">busca_produtos</stat>
<stat pass="1" fail="0" skip="0">lista_busca</stat>
</tag>
<suite>
<stat pass="1" fail="0" skip="0" id="s1" name="WebTesting">WebTesting</stat>
<stat pass="1" fail="0" skip="0" id="s1-s1" name="Amazon Testes">WebTesting.Amazon Testes</stat>
</suite>
</statistics>
<errors>
</errors>
</robot>
